app/build/outputs/logs/manifest-merger-debug-report.txt
-- Merging decision tree log ---
manifest
ADDED from src\main\AndroidManifest.xml:1:1-55:12
	package
		ADDED from src\main\AndroidManifest.xml:2:5-43
		INJECTED from src\main\AndroidManifest.xml
		INJECTED from src\main\AndroidManifest.xml
	android:versionName
		ADDED from src\main\AndroidManifest.xml:4:5-30
		INJECTED from src\main\AndroidManifest.xml
		INJECTED from src\main\AndroidManifest.xml
	android:versionCode
		ADDED from src\main\AndroidManifest.xml:3:5-28
		INJECTED from src\main\AndroidManifest.xml
		INJECTED from src\main\AndroidManifest.xml
	xmlns:android
		ADDED from src\main\AndroidManifest.xml:1:11-69
uses-permission#android.permission.INTERNET
ADDED from src\main\AndroidManifest.xml:10:5-67
MERGED from [com.google.android.gms:play-services-ads-lite:10.0.0] AndroidManifest.xml:19:5-66
MERGED from [com.google.firebase:firebase-analytics:10.0.0] AndroidManifest.xml:20:5-66
MERGED from [com.google.firebase:firebase-analytics-impl:10.0.0] AndroidManifest.xml:20:5-66
MERGED from [com.google.firebase:firebase-iid:10.0.0] AndroidManifest.xml:20:5-66
MERGED from [com.google.android.gms:play-services-analytics:10.0.0] AndroidManifest.xml:20:5-66
MERGED from [com.google.android.gms:play-services-analytics-impl:10.0.0] AndroidManifest.xml:20:5-66
	android:name
		ADDED from src\main\AndroidManifest.xml:10:22-64
uses-permission#android.permission.ACCESS_NETWORK_STATE
ADDED from src\main\AndroidManifest.xml:11:5-79
MERGED from [com.google.android.gms:play-services-ads-lite:10.0.0] AndroidManifest.xml:20:5-78
MERGED from [com.google.firebase:firebase-analytics:10.0.0] AndroidManifest.xml:21:5-78
MERGED from [com.google.firebase:firebase-analytics-impl:10.0.0] AndroidManifest.xml:21:5-78
MERGED from [com.google.firebase:firebase-iid:10.0.0] AndroidManifest.xml:19:5-78
MERGED from [com.google.android.gms:play-services-analytics:10.0.0] AndroidManifest.xml:21:5-78
MERGED from [com.google.android.gms:play-services-analytics-impl:10.0.0] AndroidManifest.xml:21:5-78
	android:name
		ADDED from src\main\AndroidManifest.xml:11:22-76
uses-permission#android.permission.SEND_SMS
ADDED from src\main\AndroidManifest.xml:12:5-13:23
	android:name
		ADDED from src\main\AndroidManifest.xml:12:22-64
uses-permission#android.permission.READ_CONTACTS
ADDED from src\main\AndroidManifest.xml:14:5-15:23
	android:name
		ADDED from src\main\AndroidManifest.xml:14:22-69
uses-permission#android.permission.RECEIVE_SMS
ADDED from src\main\AndroidManifest.xml:16:5-17:23
	android:name
		ADDED from src\main\AndroidManifest.xml:16:22-67
uses-permission#android.permission.READ_SMS
ADDED from src\main\AndroidManifest.xml:18:5-67
	android:name
		ADDED from src\main\AndroidManifest.xml:18:22-64
uses-permission#android.permission.WRITE_SMS
ADDED from src\main\AndroidManifest.xml:19:5-68
	android:name
		ADDED from src\main\AndroidManifest.xml:19:22-65
uses-permission#android.permission.WAKE_LOCK
ADDED from src\main\AndroidManifest.xml:20:5-67
MERGED from [com.google.firebase:firebase-analytics:10.0.0] AndroidManifest.xml:22:5-67
MERGED from [com.google.firebase:firebase-analytics-impl:10.0.0] AndroidManifest.xml:22:5-67
MERGED from [com.google.firebase:firebase-iid:10.0.0] AndroidManifest.xml:21:5-67
MERGED from [com.google.android.gms:play-services-analytics:10.0.0] AndroidManifest.xml:24:5-67
MERGED from [com.google.android.gms:play-services-analytics-impl:10.0.0] AndroidManifest.xml:24:5-67
	android:name
		ADDED from src\main\AndroidManifest.xml:20:22-65
uses-permission#android.permission.READ_PHONE_STATE
ADDED from src\main\AndroidManifest.xml:21:5-74
	android:name
		ADDED from src\main\AndroidManifest.xml:21:22-72
uses-feature#android.hardware.microphone
ADDED from src\main\AndroidManifest.xml:23:5-63
	android:name
		ADDED from src\main\AndroidManifest.xml:23:19-61
uses-feature#android.hardware.screen.portrait
ADDED from src\main\AndroidManifest.xml:24:5-68
	android:name
		ADDED from src\main\AndroidManifest.xml:24:19-66
uses-feature#android.hardware.telephony
ADDED from src\main\AndroidManifest.xml:25:5-62
	android:name
		ADDED from src\main\AndroidManifest.xml:25:19-60
application
ADDED from src\main\AndroidManifest.xml:28:5-53:19
MERGED from [com.google.firebase:firebase-ads:10.0.0] AndroidManifest.xml:5:5-20
MERGED from [com.google.android.gms:play-services-ads-lite:10.0.0] AndroidManifest.xml:23:5-27:19
MERGED from [com.google.android.gms:play-services-basement:10.0.0] AndroidManifest.xml:19:5-21:19
MERGED from [com.android.support:support-v4:24.0.0] AndroidManifest.xml:25:5-20
MERGED from [com.google.android.gms:play-services-base:10.0.0] AndroidManifest.xml:18:5-20:19
MERGED from [com.google.android.gms:play-services-tasks:10.0.0] AndroidManifest.xml:4:5-19
MERGED from [com.google.android.gms:play-services-clearcut:10.0.0] AndroidManifest.xml:18:5-19
MERGED from [com.google.android.gms:play-services-gass:10.0.0] AndroidManifest.xml:4:5-19
MERGED from [com.google.firebase:firebase-analytics:10.0.0] AndroidManifest.xml:24:5-33:19
MERGED from [com.google.firebase:firebase-common:10.0.0] AndroidManifest.xml:4:5-7:19
MERGED from [com.google.firebase:firebase-analytics-impl:10.0.0] AndroidManifest.xml:24:5-28:19
MERGED from [com.google.firebase:firebase-iid:10.0.0] AndroidManifest.xml:28:5-50:19
MERGED from [com.google.android.gms:play-services-analytics:10.0.0] AndroidManifest.xml:26:5-19
MERGED from [com.google.android.gms:play-services-analytics-impl:10.0.0] AndroidManifest.xml:26:5-19
MERGED from [com.google.android.gms:play-services-tagmanager-v4-impl:10.0.0] AndroidManifest.xml:19:5-19
MERGED from [com.google.firebase:firebase-core:10.0.0] AndroidManifest.xml:5:5-20
	android:label
		ADDED from src\main\AndroidManifest.xml:28:18-50
	android:icon
		ADDED from src\main\AndroidManifest.xml:29:9-49
activity#com.rockmanx77777.SMSbyVoice.SMSByVoice
ADDED from src\main\AndroidManifest.xml:31:9-43:20
	android:screenOrientation
		ADDED from src\main\AndroidManifest.xml:32:13-49
	android:label
		ADDED from src\main\AndroidManifest.xml:34:13-64
	android:launchMode
		ADDED from src\main\AndroidManifest.xml:35:13-44
	android:exported
		ADDED from src\main\AndroidManifest.xml:36:13-36
	android:theme
		ADDED from src\main\AndroidManifest.xml:37:13-60
	android:name
		ADDED from src\main\AndroidManifest.xml:33:13-39
intent-filter#android.intent.action.MAIN+android.intent.category.LAUNCHER
ADDED from src\main\AndroidManifest.xml:38:13-42:29
action#android.intent.action.MAIN
ADDED from src\main\AndroidManifest.xml:39:17-69
	android:name
		ADDED from src\main\AndroidManifest.xml:39:25-66
category#android.intent.category.LAUNCHER
ADDED from src\main\AndroidManifest.xml:41:17-77
	android:name
		ADDED from src\main\AndroidManifest.xml:41:27-74
service#com.rockmanx77777.SMSbyVoice.SMSService
ADDED from src\main\AndroidManifest.xml:45:9-48:19
	android:enabled
		ADDED from src\main\AndroidManifest.xml:47:13-35
	android:name
		ADDED from src\main\AndroidManifest.xml:46:13-39
uses-sdk
INJECTED from src\main\AndroidManifest.xml reason: use-sdk injection requested
MERGED from [com.google.firebase:firebase-ads:10.0.0] AndroidManifest.xml:4:5-42
MERGED from [com.google.android.gms:play-services-ads:10.0.0] AndroidManifest.xml:17:5-42
MERGED from [com.google.android.gms:play-services-ads-lite:10.0.0] AndroidManifest.xml:22:5-42
MERGED from [com.google.android.gms:play-services-basement:10.0.0] AndroidManifest.xml:17:5-42
MERGED from [com.android.support:support-v4:24.0.0] AndroidManifest.xml:21:5-23:54
MERGED from [com.google.android.gms:play-services-base:10.0.0] AndroidManifest.xml:17:5-42
MERGED from [com.google.android.gms:play-services-tasks:10.0.0] AndroidManifest.xml:3:5-42
MERGED from [com.google.android.gms:play-services-clearcut:10.0.0] AndroidManifest.xml:17:5-42
MERGED from [com.google.android.gms:play-services-gass:10.0.0] AndroidManifest.xml:3:5-42
MERGED from [com.google.firebase:firebase-analytics:10.0.0] AndroidManifest.xml:17:5-42
MERGED from [com.google.firebase:firebase-common:10.0.0] AndroidManifest.xml:3:5-42
MERGED from [com.google.firebase:firebase-analytics-impl:10.0.0] AndroidManifest.xml:17:5-42
MERGED from [com.google.firebase:firebase-iid:10.0.0] AndroidManifest.xml:17:5-42
MERGED from [com.google.android.gms:play-services-analytics:10.0.0] AndroidManifest.xml:17:5-42
MERGED from [com.google.android.gms:play-services-analytics-impl:10.0.0] AndroidManifest.xml:17:5-42
MERGED from [com.google.android.gms:play-services-tagmanager-v4-impl:10.0.0] AndroidManifest.xml:17:5-42
MERGED from [com.google.firebase:firebase-core:10.0.0] AndroidManifest.xml:4:5-42
	tools:overrideLibrary
		ADDED from [com.android.support:support-v4:24.0.0] AndroidManifest.xml:23:9-51
	android:targetSdkVersion
		INJECTED from src\main\AndroidManifest.xml
		INJECTED from src\main\AndroidManifest.xml
	android:minSdkVersion
		INJECTED from src\main\AndroidManifest.xml
		INJECTED from src\main\AndroidManifest.xml
activity#com.google.android.gms.ads.AdActivity
ADDED from [com.google.android.gms:play-services-ads-lite:10.0.0] AndroidManifest.xml:25:9-232
	android:configChanges
		ADDED from [com.google.android.gms:play-services-ads-lite:10.0.0] AndroidManifest.xml:25:72-181
	android:theme
		ADDED from [com.google.android.gms:play-services-ads-lite:10.0.0] AndroidManifest.xml:25:182-230
	android:name
		ADDED from [com.google.android.gms:play-services-ads-lite:10.0.0] AndroidManifest.xml:25:19-71
activity#com.google.android.gms.ads.purchase.InAppPurchaseActivity
ADDED from [com.google.android.gms:play-services-ads-lite:10.0.0] AndroidManifest.xml:26:9-131
	android:theme
		ADDED from [com.google.android.gms:play-services-ads-lite:10.0.0] AndroidManifest.xml:26:92-129
	android:name
		ADDED from [com.google.android.gms:play-services-ads-lite:10.0.0] AndroidManifest.xml:26:19-91
meta-data#com.google.android.gms.version
ADDED from [com.google.android.gms:play-services-basement:10.0.0] AndroidManifest.xml:20:9-121
	android:value
		ADDED from [com.google.android.gms:play-services-basement:10.0.0] AndroidManifest.xml:20:66-119
	android:name
		ADDED from [com.google.android.gms:play-services-basement:10.0.0] AndroidManifest.xml:20:20-65
activity#com.google.android.gms.common.api.GoogleApiActivity
ADDED from [com.google.android.gms:play-services-base:10.0.0] AndroidManifest.xml:19:9-172
	android:exported
		ADDED from [com.google.android.gms:play-services-base:10.0.0] AndroidManifest.xml:19:146-170
	android:theme
		ADDED from [com.google.android.gms:play-services-base:10.0.0] AndroidManifest.xml:19:86-145
	android:name
		ADDED from [com.google.android.gms:play-services-base:10.0.0] AndroidManifest.xml:19:19-85
receiver#com.google.android.gms.measurement.AppMeasurementReceiver
ADDED from [com.google.firebase:firebase-analytics:10.0.0] AndroidManifest.xml:25:7-26:18
MERGED from [com.google.firebase:firebase-analytics-impl:10.0.0] AndroidManifest.xml:25:7-26:18
	android:enabled
		ADDED from [com.google.firebase:firebase-analytics:10.0.0] AndroidManifest.xml:25:90-112
	android:exported
		ADDED from [com.google.firebase:firebase-analytics:10.0.0] AndroidManifest.xml:25:113-137
	android:name
		ADDED from [com.google.firebase:firebase-analytics:10.0.0] AndroidManifest.xml:25:17-89
receiver#com.google.android.gms.measurement.AppMeasurementInstallReferrerReceiver
ADDED from [com.google.firebase:firebase-analytics:10.0.0] AndroidManifest.xml:27:7-31:18
	android:enabled
		ADDED from [com.google.firebase:firebase-analytics:10.0.0] AndroidManifest.xml:27:162-184
	android:permission
		ADDED from [com.google.firebase:firebase-analytics:10.0.0] AndroidManifest.xml:27:105-161
	android:name
		ADDED from [com.google.firebase:firebase-analytics:10.0.0] AndroidManifest.xml:27:17-104
intent-filter#com.android.vending.INSTALL_REFERRER
ADDED from [com.google.firebase:firebase-analytics:10.0.0] AndroidManifest.xml:28:11-30:27
action#com.android.vending.INSTALL_REFERRER
ADDED from [com.google.firebase:firebase-analytics:10.0.0] AndroidManifest.xml:29:15-76
	android:name
		ADDED from [com.google.firebase:firebase-analytics:10.0.0] AndroidManifest.xml:29:23-74
service#com.google.android.gms.measurement.AppMeasurementService
ADDED from [com.google.firebase:firebase-analytics:10.0.0] AndroidManifest.xml:32:7-137
MERGED from [com.google.firebase:firebase-analytics-impl:10.0.0] AndroidManifest.xml:27:7-137
	android:enabled
		ADDED from [com.google.firebase:firebase-analytics:10.0.0] AndroidManifest.xml:32:88-110
	android:exported
		ADDED from [com.google.firebase:firebase-analytics:10.0.0] AndroidManifest.xml:32:111-135
	android:name
		ADDED from [com.google.firebase:firebase-analytics:10.0.0] AndroidManifest.xml:32:16-87
provider#com.google.firebase.provider.FirebaseInitProvider
ADDED from [com.google.firebase:firebase-common:10.0.0] AndroidManifest.xml:6:9-194
	android:authorities
		ADDED from [com.google.firebase:firebase-common:10.0.0] AndroidManifest.xml:6:19-78
	android:exported
		ADDED from [com.google.firebase:firebase-common:10.0.0] AndroidManifest.xml:6:144-168
	android:initOrder
		ADDED from [com.google.firebase:firebase-common:10.0.0] AndroidManifest.xml:6:169-192
	android:name
		ADDED from [com.google.firebase:firebase-common:10.0.0] AndroidManifest.xml:6:79-143
uses-permission#com.google.android.c2dm.permission.RECEIVE
ADDED from [com.google.firebase:firebase-iid:10.0.0] AndroidManifest.xml:22:5-81
	android:name
		ADDED from [com.google.firebase:firebase-iid:10.0.0] AndroidManifest.xml:22:22-79
permission#${applicationId}.permission.C2D_MESSAGE
ADDED from [com.google.firebase:firebase-iid:10.0.0] AndroidManifest.xml:24:5-109
	android:protectionLevel
		ADDED from [com.google.firebase:firebase-iid:10.0.0] AndroidManifest.xml:24:72-107
	android:name
		ADDED from [com.google.firebase:firebase-iid:10.0.0] AndroidManifest.xml:24:17-71
uses-permission#${applicationId}.permission.C2D_MESSAGE
ADDED from [com.google.firebase:firebase-iid:10.0.0] AndroidManifest.xml:26:5-78
	android:name
		ADDED from [com.google.firebase:firebase-iid:10.0.0] AndroidManifest.xml:26:22-76
receiver#com.google.firebase.iid.FirebaseInstanceIdReceiver
ADDED from [com.google.firebase:firebase-iid:10.0.0] AndroidManifest.xml:30:9-36:20
	android:exported
		ADDED from [com.google.firebase:firebase-iid:10.0.0] AndroidManifest.xml:30:85-108
	android:permission
		ADDED from [com.google.firebase:firebase-iid:10.0.0] AndroidManifest.xml:30:109-169
	android:name
		ADDED from [com.google.firebase:firebase-iid:10.0.0] AndroidManifest.xml:30:19-84
intent-filter#${applicationId}+com.google.android.c2dm.intent.RECEIVE+com.google.android.c2dm.intent.REGISTRATION
ADDED from [com.google.firebase:firebase-iid:10.0.0] AndroidManifest.xml:31:13-35:29
action#com.google.android.c2dm.intent.RECEIVE
ADDED from [com.google.firebase:firebase-iid:10.0.0] AndroidManifest.xml:32:17-80
	android:name
		ADDED from [com.google.firebase:firebase-iid:10.0.0] AndroidManifest.xml:32:25-78
action#com.google.android.c2dm.intent.REGISTRATION
ADDED from [com.google.firebase:firebase-iid:10.0.0] AndroidManifest.xml:33:17-85
	android:name
		ADDED from [com.google.firebase:firebase-iid:10.0.0] AndroidManifest.xml:33:25-83
category#${applicationId}
ADDED from [com.google.firebase:firebase-iid:10.0.0] AndroidManifest.xml:34:17-60
	android:name
		ADDED from [com.google.firebase:firebase-iid:10.0.0] AndroidManifest.xml:34:27-58
receiver#com.google.firebase.iid.FirebaseInstanceIdInternalReceiver
ADDED from [com.google.firebase:firebase-iid:10.0.0] AndroidManifest.xml:40:9-119
	android:exported
		ADDED from [com.google.firebase:firebase-iid:10.0.0] AndroidManifest.xml:40:93-117
	android:name
		ADDED from [com.google.firebase:firebase-iid:10.0.0] AndroidManifest.xml:40:19-92
service#com.google.firebase.iid.FirebaseInstanceIdService
ADDED from [com.google.firebase:firebase-iid:10.0.0] AndroidManifest.xml:44:9-48:19
	android:exported
		ADDED from [com.google.firebase:firebase-iid:10.0.0] AndroidManifest.xml:44:83-106
	android:name
		ADDED from [com.google.firebase:firebase-iid:10.0.0] AndroidManifest.xml:44:18-82
intent-filter#com.google.firebase.INSTANCE_ID_EVENT
ADDED from [com.google.firebase:firebase-iid:10.0.0] AndroidManifest.xml:45:13-47:29
	android:priority
		ADDED from [com.google.firebase:firebase-iid:10.0.0] AndroidManifest.xml:45:28-51
action#com.google.firebase.INSTANCE_ID_EVENT
ADDED from [com.google.firebase:firebase-iid:10.0.0] AndroidManifest.xml:46:17-79
	android:name
		ADDED from [com.google.firebase:firebase-iid:10.0.0] AndroidManifest.xml:46:25-77